<?xml version="1.0" encoding="UTF-8"?>
<testng-results ignored="0" total="1" passed="1" failed="0" skipped="0">
  <reporter-output>
  </reporter-output>
  <suite started-at="2025-04-02T15:54:09 IST" name="Default suite" finished-at="2025-04-02T15:54:58 IST" duration-ms="49414">
    <groups>
    </groups>
    <test started-at="2025-04-02T15:54:09 IST" name="Default test" finished-at="2025-04-02T15:54:58 IST" duration-ms="49414">
      <class name="tests.RegisterPatientTest">
        <test-method signature="login1()[pri:0, instance:tests.RegisterPatientTest@39529185]" started-at="2025-04-02T15:54:09 IST" name="login1" finished-at="2025-04-02T15:54:58 IST" duration-ms="49373" status="PASS">
          <reporter-output>
          </reporter-output>
        </test-method> <!-- login1 -->
      </class> <!-- tests.RegisterPatientTest -->
    </test> <!-- Default test -->
  </suite> <!-- Default suite -->
</testng-results>
